Started at Sat Dec 03 10:38:49 UTC 2022
Processing declarative pipeline
Offering declarative pipeline to Project Build Discarder
Processing declarative pipeline2
Offering declarative pipeline2 to Project Build Discarder
Processing fifth
Offering fifth to Project Build Discarder
Processing fourth
Offering fourth to Project Build Discarder
Processing jfrogdeclarativeautomation
Offering jfrogdeclarativeautomation to Project Build Discarder
Processing my first job
Offering my first job to Project Build Discarder
Processing my first pipeline job
Offering my first pipeline job to Project Build Discarder
Processing my second job
Offering my second job to Project Build Discarder
Processing six
Offering six to Project Build Discarder
Processing slave-instance-run
Offering slave-instance-run to Project Build Discarder
Processing third
Offering third to Project Build Discarder
Processing tomcat installation from script in github
Offering tomcat installation from script in github to Project Build Discarder
Processing try
Offering try to Project Build Discarder
Finished at Sat Dec 03 10:38:49 UTC 2022. 10ms
